{"/Users/ilaycohen/Desktop/MovieRate/app.ts": {"path":"/Users/ilaycohen/Desktop/MovieRate/app.ts","statementMap":{"0":{"start":{"line":1,"column":0},"end":{"line":1,"column":29}},"1":{"start":{"line":2,"column":0},"end":{"line":2,"column":27}},"2":{"start":{"line":3,"column":0},"end":{"line":3,"column":null}},"3":{"start":{"line":4,"column":0},"end":{"line":4,"column":31}},"4":{"start":{"line":5,"column":0},"end":{"line":5,"column":25}},"5":{"start":{"line":6,"column":0},"end":{"line":6,"column":13}},"6":{"start":{"line":7,"column":0},"end":{"line":7,"column":37}},"7":{"start":{"line":9,"column":0},"end":{"line":9,"column":24}},"8":{"start":{"line":11,"column":0},"end":{"line":11,"column":44}},"9":{"start":{"line":12,"column":0},"end":{"line":12,"column":44}},"10":{"start":{"line":13,"column":0},"end":{"line":13,"column":46}},"11":{"start":{"line":14,"column":0},"end":{"line":14,"column":48}},"12":{"start":{"line":20,"column":16},"end":{"line":49,"column":1}},"13":{"start":{"line":21,"column":20},"end":{"line":47,"column":6}},"14":{"start":{"line":21,"column":71},"end":{"line":47,"column":6}},"15":{"start":{"line":22,"column":19},"end":{"line":22,"column":38}},"16":{"start":{"line":23,"column":8},"end":{"line":23,"column":null}},"17":{"start":{"line":23,"column":30},"end":{"line":23,"column":65}},"18":{"start":{"line":24,"column":8},"end":{"line":24,"column":58}},"19":{"start":{"line":25,"column":8},"end":{"line":25,"column":null}},"20":{"start":{"line":25,"column":34},"end":{"line":25,"column":55}},"21":{"start":{"line":26,"column":20},"end":{"line":26,"column":29}},"22":{"start":{"line":28,"column":8},"end":{"line":28,"column":24}},"23":{"start":{"line":29,"column":8},"end":{"line":29,"column":35}},"24":{"start":{"line":30,"column":8},"end":{"line":30,"column":59}},"25":{"start":{"line":32,"column":8},"end":{"line":32,"column":36}},"26":{"start":{"line":33,"column":8},"end":{"line":33,"column":36}},"27":{"start":{"line":34,"column":8},"end":{"line":34,"column":38}},"28":{"start":{"line":35,"column":8},"end":{"line":35,"column":40}},"29":{"start":{"line":39,"column":8},"end":{"line":39,"column":36}},"30":{"start":{"line":40,"column":8},"end":{"line":40,"column":36}},"31":{"start":{"line":41,"column":8},"end":{"line":41,"column":38}},"32":{"start":{"line":42,"column":8},"end":{"line":42,"column":40}},"33":{"start":{"line":45,"column":8},"end":{"line":45,"column":21}},"34":{"start":{"line":48,"column":4},"end":{"line":48,"column":19}},"35":{"start":{"line":52,"column":0},"end":{"line":52,"column":23}}},"fnMap":{"0":{"name":"(anonymous_8)","decl":{"start":{"line":20,"column":16},"end":{"line":20,"column":41}},"loc":{"start":{"line":20,"column":43},"end":{"line":49,"column":1}}},"1":{"name":"(anonymous_9)","decl":{"start":{"line":21,"column":45},"end":{"line":21,"column":52}},"loc":{"start":{"line":21,"column":71},"end":{"line":47,"column":6}}},"2":{"name":"(anonymous_10)","decl":{"start":{"line":21,"column":71},"end":{"line":21,"column":null}},"loc":{"start":{"line":21,"column":71},"end":{"line":47,"column":5}}},"3":{"name":"(anonymous_11)","decl":{"start":{"line":23,"column":24},"end":{"line":23,"column":27}},"loc":{"start":{"line":23,"column":30},"end":{"line":23,"column":65}}},"4":{"name":"(anonymous_12)","decl":{"start":{"line":25,"column":23},"end":{"line":25,"column":28}},"loc":{"start":{"line":25,"column":31},"end":{"line":25,"column":56}}}},"branchMap":{},"s":{"0":4,"1":4,"2":4,"3":4,"4":4,"5":4,"6":4,"7":4,"8":4,"9":4,"10":4,"11":4,"12":4,"13":4,"14":4,"15":4,"16":4,"17":4,"18":4,"19":4,"20":0,"21":4,"22":4,"23":4,"24":4,"25":4,"26":4,"27":4,"28":4,"29":4,"30":4,"31":4,"32":4,"33":4,"34":4,"35":4},"f":{"0":4,"1":4,"2":4,"3":4,"4":0},"b":{}}
,"/Users/ilaycohen/Desktop/MovieRate/controllers/auth_controller.ts": {"path":"/Users/ilaycohen/Desktop/MovieRate/controllers/auth_controller.ts","statementMap":{"0":{"start":{"line":2,"column":0},"end":{"line":2,"column":40}},"1":{"start":{"line":3,"column":0},"end":{"line":3,"column":30}},"2":{"start":{"line":4,"column":0},"end":{"line":4,"column":46}},"3":{"start":{"line":5,"column":0},"end":{"line":5,"column":46}},"4":{"start":{"line":10,"column":14},"end":{"line":50,"column":2}},"5":{"start":{"line":10,"column":52},"end":{"line":50,"column":2}},"6":{"start":{"line":11,"column":18},"end":{"line":11,"column":32}},"7":{"start":{"line":12,"column":21},"end":{"line":12,"column":38}},"8":{"start":{"line":14,"column":4},"end":{"line":16,"column":5}},"9":{"start":{"line":15,"column":8},"end":{"line":15,"column":65}},"10":{"start":{"line":18,"column":4},"end":{"line":49,"column":5}},"11":{"start":{"line":19,"column":8},"end":{"line":19,"column":60}},"12":{"start":{"line":20,"column":21},"end":{"line":23,"column":10}},"13":{"start":{"line":25,"column":8},"end":{"line":27,"column":9}},"14":{"start":{"line":26,"column":12},"end":{"line":26,"column":64}},"15":{"start":{"line":29,"column":22},"end":{"line":29,"column":67}},"16":{"start":{"line":31,"column":8},"end":{"line":33,"column":9}},"17":{"start":{"line":32,"column":12},"end":{"line":32,"column":71}},"18":{"start":{"line":35,"column":28},"end":{"line":35,"column":147}},"19":{"start":{"line":36,"column":29},"end":{"line":36,"column":106}},"20":{"start":{"line":38,"column":8},"end":{"line":39,"column":44}},"21":{"start":{"line":38,"column":33},"end":{"line":38,"column":62}},"22":{"start":{"line":39,"column":13},"end":{"line":39,"column":44}},"23":{"start":{"line":41,"column":8},"end":{"line":41,"column":26}},"24":{"start":{"line":43,"column":8},"end":{"line":43,"column":105}},"25":{"start":{"line":45,"column":8},"end":{"line":48,"column":70}},"26":{"start":{"line":46,"column":33},"end":{"line":46,"column":57}},"27":{"start":{"line":47,"column":12},"end":{"line":47,"column":58}},"28":{"start":{"line":48,"column":15},"end":{"line":48,"column":70}},"29":{"start":{"line":52,"column":17},"end":{"line":90,"column":2}},"30":{"start":{"line":52,"column":55},"end":{"line":90,"column":2}},"31":{"start":{"line":53,"column":17},"end":{"line":53,"column":30}},"32":{"start":{"line":54,"column":18},"end":{"line":54,"column":32}},"33":{"start":{"line":55,"column":21},"end":{"line":55,"column":38}},"34":{"start":{"line":56,"column":16},"end":{"line":56,"column":28}},"35":{"start":{"line":57,"column":20},"end":{"line":57,"column":36}},"36":{"start":{"line":58,"column":4},"end":{"line":60,"column":5}},"37":{"start":{"line":59,"column":8},"end":{"line":59,"column":88}},"38":{"start":{"line":62,"column":4},"end":{"line":89,"column":5}},"39":{"start":{"line":63,"column":8},"end":{"line":63,"column":71}},"40":{"start":{"line":66,"column":8},"end":{"line":68,"column":9}},"41":{"start":{"line":67,"column":12},"end":{"line":67,"column":100}},"42":{"start":{"line":70,"column":25},"end":{"line":70,"column":63}},"43":{"start":{"line":72,"column":8},"end":{"line":74,"column":9}},"44":{"start":{"line":73,"column":12},"end":{"line":73,"column":82}},"45":{"start":{"line":76,"column":21},"end":{"line":76,"column":45}},"46":{"start":{"line":77,"column":34},"end":{"line":77,"column":67}},"47":{"start":{"line":79,"column":26},"end":{"line":79,"column":138}},"48":{"start":{"line":80,"column":8},"end":{"line":80,"column":47}},"49":{"start":{"line":83,"column":8},"end":{"line":88,"column":9}},"50":{"start":{"line":84,"column":33},"end":{"line":84,"column":57}},"51":{"start":{"line":85,"column":12},"end":{"line":85,"column":65}},"52":{"start":{"line":87,"column":12},"end":{"line":87,"column":78}},"53":{"start":{"line":93,"column":22},"end":{"line":93,"column":77}},"54":{"start":{"line":93,"column":50},"end":{"line":93,"column":77}},"55":{"start":{"line":101,"column":15},"end":{"line":134,"column":2}},"56":{"start":{"line":101,"column":53},"end":{"line":134,"column":2}},"57":{"start":{"line":102,"column":23},"end":{"line":102,"column":51}},"58":{"start":{"line":103,"column":18},"end":{"line":103,"column":56}},"59":{"start":{"line":104,"column":4},"end":{"line":106,"column":5}},"60":{"start":{"line":105,"column":8},"end":{"line":105,"column":35}},"61":{"start":{"line":107,"column":19},"end":{"line":107,"column":94}},"62":{"start":{"line":108,"column":8},"end":{"line":110,"column":9}},"63":{"start":{"line":109,"column":12},"end":{"line":109,"column":60}},"64":{"start":{"line":112,"column":23},"end":{"line":112,"column":35}},"65":{"start":{"line":113,"column":9},"end":{"line":113,"column":47}},"66":{"start":{"line":114,"column":8},"end":{"line":132,"column":9}},"67":{"start":{"line":115,"column":25},"end":{"line":115,"column":52}},"68":{"start":{"line":117,"column":12},"end":{"line":119,"column":13}},"69":{"start":{"line":118,"column":16},"end":{"line":118,"column":64}},"70":{"start":{"line":121,"column":12},"end":{"line":125,"column":13}},"71":{"start":{"line":122,"column":16},"end":{"line":122,"column":33}},"72":{"start":{"line":123,"column":16},"end":{"line":123,"column":34}},"73":{"start":{"line":124,"column":16},"end":{"line":124,"column":64}},"74":{"start":{"line":127,"column":12},"end":{"line":127,"column":62}},"75":{"start":{"line":128,"column":12},"end":{"line":128,"column":30}},"76":{"start":{"line":129,"column":12},"end":{"line":129,"column":77}},"77":{"start":{"line":131,"column":12},"end":{"line":131,"column":53}},"78":{"start":{"line":140,"column":21},"end":{"line":175,"column":2}},"79":{"start":{"line":140,"column":80},"end":{"line":175,"column":2}},"80":{"start":{"line":141,"column":24},"end":{"line":141,"column":52}},"81":{"start":{"line":142,"column":18},"end":{"line":142,"column":58}},"82":{"start":{"line":143,"column":4},"end":{"line":143,"column":50}},"83":{"start":{"line":143,"column":23},"end":{"line":143,"column":50}},"84":{"start":{"line":145,"column":4},"end":{"line":174,"column":7}},"85":{"start":{"line":145,"column":92},"end":{"line":174,"column":6}},"86":{"start":{"line":146,"column":8},"end":{"line":146,"column":62}},"87":{"start":{"line":146,"column":19},"end":{"line":146,"column":62}},"88":{"start":{"line":148,"column":23},"end":{"line":148,"column":30}},"89":{"start":{"line":150,"column":8},"end":{"line":173,"column":9}},"90":{"start":{"line":151,"column":25},"end":{"line":154,"column":21}},"91":{"start":{"line":155,"column":12},"end":{"line":155,"column":30}},"92":{"start":{"line":157,"column":12},"end":{"line":157,"column":77}},"93":{"start":{"line":157,"column":30},"end":{"line":157,"column":77}},"94":{"start":{"line":158,"column":12},"end":{"line":162,"column":13}},"95":{"start":{"line":159,"column":16},"end":{"line":159,"column":33}},"96":{"start":{"line":160,"column":16},"end":{"line":160,"column":34}},"97":{"start":{"line":161,"column":16},"end":{"line":161,"column":63}},"98":{"start":{"line":164,"column":32},"end":{"line":164,"column":153}},"99":{"start":{"line":165,"column":33},"end":{"line":165,"column":112}},"100":{"start":{"line":167,"column":12},"end":{"line":167,"column":67}},"101":{"start":{"line":168,"column":12},"end":{"line":168,"column":30}},"102":{"start":{"line":169,"column":12},"end":{"line":169,"column":95}},"103":{"start":{"line":172,"column":12},"end":{"line":172,"column":48}},"104":{"start":{"line":177,"column":0},"end":{"line":177,"column":57}}},"fnMap":{"0":{"name":"(anonymous_8)","decl":{"start":{"line":10,"column":14},"end":{"line":10,"column":21}},"loc":{"start":{"line":10,"column":52},"end":{"line":50,"column":2}}},"1":{"name":"(anonymous_9)","decl":{"start":{"line":10,"column":52},"end":{"line":10,"column":null}},"loc":{"start":{"line":10,"column":52},"end":{"line":50,"column":1}}},"2":{"name":"(anonymous_10)","decl":{"start":{"line":52,"column":17},"end":{"line":52,"column":24}},"loc":{"start":{"line":52,"column":55},"end":{"line":90,"column":2}}},"3":{"name":"(anonymous_11)","decl":{"start":{"line":52,"column":55},"end":{"line":52,"column":null}},"loc":{"start":{"line":52,"column":55},"end":{"line":90,"column":1}}},"4":{"name":"(anonymous_12)","decl":{"start":{"line":93,"column":22},"end":{"line":93,"column":23}},"loc":{"start":{"line":93,"column":50},"end":{"line":93,"column":77}}},"5":{"name":"(anonymous_13)","decl":{"start":{"line":101,"column":15},"end":{"line":101,"column":22}},"loc":{"start":{"line":101,"column":53},"end":{"line":134,"column":2}}},"6":{"name":"(anonymous_14)","decl":{"start":{"line":101,"column":53},"end":{"line":101,"column":null}},"loc":{"start":{"line":101,"column":53},"end":{"line":134,"column":1}}},"7":{"name":"(anonymous_15)","decl":{"start":{"line":140,"column":21},"end":{"line":140,"column":28}},"loc":{"start":{"line":140,"column":80},"end":{"line":175,"column":2}}},"8":{"name":"(anonymous_16)","decl":{"start":{"line":140,"column":80},"end":{"line":140,"column":null}},"loc":{"start":{"line":140,"column":80},"end":{"line":175,"column":1}}},"9":{"name":"(anonymous_17)","decl":{"start":{"line":145,"column":66},"end":{"line":145,"column":73}},"loc":{"start":{"line":145,"column":92},"end":{"line":174,"column":6}}},"10":{"name":"(anonymous_18)","decl":{"start":{"line":145,"column":92},"end":{"line":145,"column":null}},"loc":{"start":{"line":145,"column":92},"end":{"line":174,"column":5}}}},"branchMap":{"0":{"loc":{"start":{"line":14,"column":4},"end":{"line":16,"column":5}},"type":"if","locations":[{"start":{"line":14,"column":4},"end":{"line":16,"column":5}}]},"1":{"loc":{"start":{"line":14,"column":8},"end":{"line":14,"column":27}},"type":"binary-expr","locations":[{"start":{"line":14,"column":8},"end":{"line":14,"column":14}},{"start":{"line":14,"column":18},"end":{"line":14,"column":27}}]},"2":{"loc":{"start":{"line":25,"column":8},"end":{"line":27,"column":9}},"type":"if","locations":[{"start":{"line":25,"column":8},"end":{"line":27,"column":9}}]},"3":{"loc":{"start":{"line":31,"column":8},"end":{"line":33,"column":9}},"type":"if","locations":[{"start":{"line":31,"column":8},"end":{"line":33,"column":9}}]},"4":{"loc":{"start":{"line":38,"column":8},"end":{"line":39,"column":44}},"type":"if","locations":[{"start":{"line":38,"column":8},"end":{"line":39,"column":44}},{"start":{"line":39,"column":13},"end":{"line":39,"column":44}}]},"5":{"loc":{"start":{"line":45,"column":8},"end":{"line":48,"column":70}},"type":"if","locations":[{"start":{"line":45,"column":8},"end":{"line":48,"column":70}},{"start":{"line":48,"column":15},"end":{"line":48,"column":70}}]},"6":{"loc":{"start":{"line":58,"column":4},"end":{"line":60,"column":5}},"type":"if","locations":[{"start":{"line":58,"column":4},"end":{"line":60,"column":5}}]},"7":{"loc":{"start":{"line":58,"column":8},"end":{"line":58,"column":44}},"type":"binary-expr","locations":[{"start":{"line":58,"column":8},"end":{"line":58,"column":14}},{"start":{"line":58,"column":18},"end":{"line":58,"column":27}},{"start":{"line":58,"column":31},"end":{"line":58,"column":35}},{"start":{"line":58,"column":39},"end":{"line":58,"column":44}}]},"8":{"loc":{"start":{"line":66,"column":8},"end":{"line":68,"column":9}},"type":"if","locations":[{"start":{"line":66,"column":8},"end":{"line":68,"column":9}}]},"9":{"loc":{"start":{"line":72,"column":8},"end":{"line":74,"column":9}},"type":"if","locations":[{"start":{"line":72,"column":8},"end":{"line":74,"column":9}}]},"10":{"loc":{"start":{"line":83,"column":8},"end":{"line":88,"column":9}},"type":"if","locations":[{"start":{"line":83,"column":8},"end":{"line":88,"column":9}},{"start":{"line":86,"column":15},"end":{"line":88,"column":9}}]},"11":{"loc":{"start":{"line":103,"column":18},"end":{"line":103,"column":56}},"type":"binary-expr","locations":[{"start":{"line":103,"column":18},"end":{"line":103,"column":28}},{"start":{"line":103,"column":32},"end":{"line":103,"column":56}}]},"12":{"loc":{"start":{"line":104,"column":4},"end":{"line":106,"column":5}},"type":"if","locations":[{"start":{"line":104,"column":4},"end":{"line":106,"column":5}}]},"13":{"loc":{"start":{"line":108,"column":8},"end":{"line":110,"column":9}},"type":"if","locations":[{"start":{"line":108,"column":8},"end":{"line":110,"column":9}}]},"14":{"loc":{"start":{"line":117,"column":12},"end":{"line":119,"column":13}},"type":"if","locations":[{"start":{"line":117,"column":12},"end":{"line":119,"column":13}}]},"15":{"loc":{"start":{"line":121,"column":12},"end":{"line":125,"column":13}},"type":"if","locations":[{"start":{"line":121,"column":12},"end":{"line":125,"column":13}}]},"16":{"loc":{"start":{"line":142,"column":18},"end":{"line":142,"column":58}},"type":"binary-expr","locations":[{"start":{"line":142,"column":18},"end":{"line":142,"column":29}},{"start":{"line":142,"column":33},"end":{"line":142,"column":58}}]},"17":{"loc":{"start":{"line":143,"column":4},"end":{"line":143,"column":50}},"type":"if","locations":[{"start":{"line":143,"column":4},"end":{"line":143,"column":50}}]},"18":{"loc":{"start":{"line":146,"column":8},"end":{"line":146,"column":62}},"type":"if","locations":[{"start":{"line":146,"column":8},"end":{"line":146,"column":62}}]},"19":{"loc":{"start":{"line":157,"column":12},"end":{"line":157,"column":77}},"type":"if","locations":[{"start":{"line":157,"column":12},"end":{"line":157,"column":77}}]},"20":{"loc":{"start":{"line":158,"column":12},"end":{"line":162,"column":13}},"type":"if","locations":[{"start":{"line":158,"column":12},"end":{"line":162,"column":13}}]}},"s":{"0":4,"1":4,"2":4,"3":4,"4":4,"5":0,"6":0,"7":0,"8":0,"9":0,"10":0,"11":0,"12":0,"13":0,"14":0,"15":0,"16":0,"17":0,"18":0,"19":0,"20":0,"21":0,"22":0,"23":0,"24":0,"25":0,"26":0,"27":0,"28":0,"29":4,"30":0,"31":0,"32":0,"33":0,"34":0,"35":0,"36":0,"37":0,"38":0,"39":0,"40":0,"41":0,"42":0,"43":0,"44":0,"45":0,"46":0,"47":0,"48":0,"49":0,"50":0,"51":0,"52":0,"53":4,"54":0,"55":4,"56":0,"57":0,"58":0,"59":0,"60":0,"61":0,"62":0,"63":0,"64":0,"65":0,"66":0,"67":0,"68":0,"69":0,"70":0,"71":0,"72":0,"73":0,"74":0,"75":0,"76":0,"77":0,"78":4,"79":0,"80":0,"81":0,"82":0,"83":0,"84":0,"85":0,"86":0,"87":0,"88":0,"89":0,"90":0,"91":0,"92":0,"93":0,"94":0,"95":0,"96":0,"97":0,"98":0,"99":0,"100":0,"101":0,"102":0,"103":0,"104":4},"f":{"0":0,"1":0,"2":0,"3":0,"4":0,"5":0,"6":0,"7":0,"8":0,"9":0,"10":0},"b":{"0":[0],"1":[0,0],"2":[0],"3":[0],"4":[0,0],"5":[0,0],"6":[0],"7":[0,0,0,0],"8":[0],"9":[0],"10":[0,0],"11":[0,0],"12":[0],"13":[0],"14":[0],"15":[0],"16":[0,0],"17":[0],"18":[0],"19":[0],"20":[0]}}
,"/Users/ilaycohen/Desktop/MovieRate/controllers/movie_controller.ts": {"path":"/Users/ilaycohen/Desktop/MovieRate/controllers/movie_controller.ts","statementMap":{"0":{"start":{"line":2,"column":0},"end":{"line":2,"column":57}},"1":{"start":{"line":7,"column":21},"end":{"line":21,"column":2}},"2":{"start":{"line":7,"column":59},"end":{"line":21,"column":2}},"3":{"start":{"line":8,"column":4},"end":{"line":8,"column":32}},"4":{"start":{"line":9,"column":4},"end":{"line":20,"column":5}},"5":{"start":{"line":11,"column":8},"end":{"line":16,"column":9}},"6":{"start":{"line":12,"column":12},"end":{"line":12,"column":null}},"7":{"start":{"line":15,"column":12},"end":{"line":15,"column":40}},"8":{"start":{"line":17,"column":8},"end":{"line":17,"column":25}},"9":{"start":{"line":19,"column":8},"end":{"line":19,"column":null}},"10":{"start":{"line":22,"column":21},"end":{"line":46,"column":2}},"11":{"start":{"line":22,"column":59},"end":{"line":46,"column":2}},"12":{"start":{"line":23,"column":4},"end":{"line":23,"column":53}},"13":{"start":{"line":24,"column":4},"end":{"line":45,"column":5}},"14":{"start":{"line":25,"column":22},"end":{"line":41,"column":14}},"15":{"start":{"line":42,"column":8},"end":{"line":42,"column":24}},"16":{"start":{"line":44,"column":8},"end":{"line":44,"column":null}},"17":{"start":{"line":48,"column":18},"end":{"line":58,"column":2}},"18":{"start":{"line":48,"column":56},"end":{"line":58,"column":2}},"19":{"start":{"line":49,"column":18},"end":{"line":49,"column":37}},"20":{"start":{"line":50,"column":4},"end":{"line":57,"column":5}},"21":{"start":{"line":51,"column":8},"end":{"line":51,"column":27}},"22":{"start":{"line":52,"column":8},"end":{"line":52,"column":null}},"23":{"start":{"line":53,"column":8},"end":{"line":53,"column":42}},"24":{"start":{"line":55,"column":8},"end":{"line":55,"column":25}},"25":{"start":{"line":56,"column":8},"end":{"line":56,"column":43}},"26":{"start":{"line":62,"column":24},"end":{"line":72,"column":2}},"27":{"start":{"line":62,"column":62},"end":{"line":72,"column":2}},"28":{"start":{"line":63,"column":4},"end":{"line":71,"column":5}},"29":{"start":{"line":64,"column":29},"end":{"line":64,"column":74}},"30":{"start":{"line":65,"column":8},"end":{"line":67,"column":9}},"31":{"start":{"line":66,"column":12},"end":{"line":66,"column":59}},"32":{"start":{"line":68,"column":8},"end":{"line":68,"column":51}},"33":{"start":{"line":70,"column":8},"end":{"line":70,"column":55}},"34":{"start":{"line":73,"column":20},"end":{"line":81,"column":2}},"35":{"start":{"line":73,"column":58},"end":{"line":81,"column":2}},"36":{"start":{"line":74,"column":100},"end":{"line":74,"column":108}},"37":{"start":{"line":75,"column":4},"end":{"line":80,"column":5}},"38":{"start":{"line":76,"column":29},"end":{"line":76,"column":162}},"39":{"start":{"line":77,"column":8},"end":{"line":77,"column":null}},"40":{"start":{"line":79,"column":8},"end":{"line":79,"column":57}},"41":{"start":{"line":82,"column":0},"end":{"line":88,"column":2}}},"fnMap":{"0":{"name":"(anonymous_8)","decl":{"start":{"line":7,"column":21},"end":{"line":7,"column":28}},"loc":{"start":{"line":7,"column":59},"end":{"line":21,"column":2}}},"1":{"name":"(anonymous_9)","decl":{"start":{"line":7,"column":59},"end":{"line":7,"column":null}},"loc":{"start":{"line":7,"column":59},"end":{"line":21,"column":1}}},"2":{"name":"(anonymous_10)","decl":{"start":{"line":22,"column":21},"end":{"line":22,"column":28}},"loc":{"start":{"line":22,"column":59},"end":{"line":46,"column":2}}},"3":{"name":"(anonymous_11)","decl":{"start":{"line":22,"column":59},"end":{"line":22,"column":null}},"loc":{"start":{"line":22,"column":59},"end":{"line":46,"column":1}}},"4":{"name":"(anonymous_12)","decl":{"start":{"line":48,"column":18},"end":{"line":48,"column":25}},"loc":{"start":{"line":48,"column":56},"end":{"line":58,"column":2}}},"5":{"name":"(anonymous_13)","decl":{"start":{"line":48,"column":56},"end":{"line":48,"column":null}},"loc":{"start":{"line":48,"column":56},"end":{"line":58,"column":1}}},"6":{"name":"(anonymous_14)","decl":{"start":{"line":62,"column":24},"end":{"line":62,"column":31}},"loc":{"start":{"line":62,"column":62},"end":{"line":72,"column":2}}},"7":{"name":"(anonymous_15)","decl":{"start":{"line":62,"column":62},"end":{"line":62,"column":null}},"loc":{"start":{"line":62,"column":62},"end":{"line":72,"column":1}}},"8":{"name":"(anonymous_16)","decl":{"start":{"line":73,"column":20},"end":{"line":73,"column":27}},"loc":{"start":{"line":73,"column":58},"end":{"line":81,"column":2}}},"9":{"name":"(anonymous_17)","decl":{"start":{"line":73,"column":58},"end":{"line":73,"column":null}},"loc":{"start":{"line":73,"column":58},"end":{"line":81,"column":1}}}},"branchMap":{"0":{"loc":{"start":{"line":11,"column":8},"end":{"line":16,"column":9}},"type":"if","locations":[{"start":{"line":11,"column":8},"end":{"line":16,"column":9}},{"start":{"line":14,"column":13},"end":{"line":16,"column":9}}]},"1":{"loc":{"start":{"line":65,"column":8},"end":{"line":67,"column":9}},"type":"if","locations":[{"start":{"line":65,"column":8},"end":{"line":67,"column":9}}]}},"s":{"0":4,"1":4,"2":1,"3":1,"4":1,"5":1,"6":0,"7":1,"8":1,"9":0,"10":4,"11":1,"12":1,"13":1,"14":1,"15":1,"16":0,"17":4,"18":1,"19":1,"20":1,"21":1,"22":0,"23":0,"24":1,"25":1,"26":4,"27":0,"28":0,"29":0,"30":0,"31":0,"32":0,"33":0,"34":4,"35":8,"36":8,"37":8,"38":8,"39":8,"40":0,"41":4},"f":{"0":1,"1":1,"2":1,"3":1,"4":1,"5":1,"6":0,"7":0,"8":8,"9":8},"b":{"0":[0,1],"1":[0]}}
,"/Users/ilaycohen/Desktop/MovieRate/controllers/review_controller.ts": {"path":"/Users/ilaycohen/Desktop/MovieRate/controllers/review_controller.ts","statementMap":{"0":{"start":{"line":1,"column":4},"end":{"line":1,"column":64}},"1":{"start":{"line":2,"column":4},"end":{"line":2,"column":44}},"2":{"start":{"line":3,"column":4},"end":{"line":3,"column":60}},"3":{"start":{"line":7,"column":23},"end":{"line":20,"column":null}},"4":{"start":{"line":7,"column":61},"end":{"line":20,"column":null}},"5":{"start":{"line":8,"column":8},"end":{"line":19,"column":9}},"6":{"start":{"line":10,"column":12},"end":{"line":15,"column":13}},"7":{"start":{"line":11,"column":16},"end":{"line":11,"column":null}},"8":{"start":{"line":14,"column":16},"end":{"line":14,"column":46}},"9":{"start":{"line":16,"column":12},"end":{"line":16,"column":30}},"10":{"start":{"line":18,"column":12},"end":{"line":18,"column":null}},"11":{"start":{"line":22,"column":26},"end":{"line":29,"column":null}},"12":{"start":{"line":22,"column":64},"end":{"line":29,"column":null}},"13":{"start":{"line":23,"column":8},"end":{"line":28,"column":9}},"14":{"start":{"line":24,"column":27},"end":{"line":24,"column":107}},"15":{"start":{"line":25,"column":12},"end":{"line":25,"column":29}},"16":{"start":{"line":27,"column":12},"end":{"line":27,"column":null}},"17":{"start":{"line":32,"column":23},"end":{"line":53,"column":null}},"18":{"start":{"line":32,"column":61},"end":{"line":53,"column":null}},"19":{"start":{"line":33,"column":65},"end":{"line":33,"column":73}},"20":{"start":{"line":34,"column":8},"end":{"line":52,"column":9}},"21":{"start":{"line":35,"column":26},"end":{"line":35,"column":55}},"22":{"start":{"line":36,"column":25},"end":{"line":36,"column":56}},"23":{"start":{"line":37,"column":30},"end":{"line":37,"column":90}},"24":{"start":{"line":38,"column":32},"end":{"line":38,"column":54}},"25":{"start":{"line":39,"column":12},"end":{"line":39,"column":30}},"26":{"start":{"line":40,"column":12},"end":{"line":43,"column":13}},"27":{"start":{"line":41,"column":16},"end":{"line":41,"column":52}},"28":{"start":{"line":42,"column":16},"end":{"line":42,"column":23}},"29":{"start":{"line":44,"column":12},"end":{"line":44,"column":47}},"30":{"start":{"line":45,"column":12},"end":{"line":45,"column":46}},"31":{"start":{"line":47,"column":12},"end":{"line":47,"column":60}},"32":{"start":{"line":48,"column":12},"end":{"line":48,"column":57}},"33":{"start":{"line":49,"column":12},"end":{"line":49,"column":34}},"34":{"start":{"line":51,"column":12},"end":{"line":51,"column":31}},"35":{"start":{"line":55,"column":25},"end":{"line":60,"column":null}},"36":{"start":{"line":55,"column":63},"end":{"line":60,"column":null}},"37":{"start":{"line":56,"column":76},"end":{"line":56,"column":84}},"38":{"start":{"line":57,"column":26},"end":{"line":57,"column":133}},"39":{"start":{"line":58,"column":8},"end":{"line":58,"column":28}},"40":{"start":{"line":59,"column":8},"end":{"line":59,"column":39}},"41":{"start":{"line":62,"column":25},"end":{"line":82,"column":null}},"42":{"start":{"line":62,"column":63},"end":{"line":82,"column":null}},"43":{"start":{"line":63,"column":24},"end":{"line":63,"column":34}},"44":{"start":{"line":64,"column":30},"end":{"line":64,"column":56}},"45":{"start":{"line":65,"column":8},"end":{"line":81,"column":9}},"46":{"start":{"line":66,"column":12},"end":{"line":69,"column":14}},"47":{"start":{"line":70,"column":12},"end":{"line":73,"column":14}},"48":{"start":{"line":74,"column":12},"end":{"line":74,"column":48}},"49":{"start":{"line":75,"column":12},"end":{"line":75,"column":null}},"50":{"start":{"line":76,"column":12},"end":{"line":76,"column":42}},"51":{"start":{"line":79,"column":12},"end":{"line":79,"column":41}},"52":{"start":{"line":80,"column":12},"end":{"line":80,"column":44}},"53":{"start":{"line":84,"column":4},"end":{"line":90,"column":6}}},"fnMap":{"0":{"name":"(anonymous_8)","decl":{"start":{"line":7,"column":23},"end":{"line":7,"column":30}},"loc":{"start":{"line":7,"column":61},"end":{"line":20,"column":null}}},"1":{"name":"(anonymous_9)","decl":{"start":{"line":7,"column":61},"end":{"line":7,"column":null}},"loc":{"start":{"line":7,"column":61},"end":{"line":20,"column":5}}},"2":{"name":"(anonymous_10)","decl":{"start":{"line":22,"column":26},"end":{"line":22,"column":33}},"loc":{"start":{"line":22,"column":64},"end":{"line":29,"column":null}}},"3":{"name":"(anonymous_11)","decl":{"start":{"line":22,"column":64},"end":{"line":22,"column":null}},"loc":{"start":{"line":22,"column":64},"end":{"line":29,"column":5}}},"4":{"name":"(anonymous_12)","decl":{"start":{"line":32,"column":23},"end":{"line":32,"column":30}},"loc":{"start":{"line":32,"column":61},"end":{"line":53,"column":null}}},"5":{"name":"(anonymous_13)","decl":{"start":{"line":32,"column":61},"end":{"line":32,"column":null}},"loc":{"start":{"line":32,"column":61},"end":{"line":53,"column":5}}},"6":{"name":"(anonymous_14)","decl":{"start":{"line":55,"column":25},"end":{"line":55,"column":32}},"loc":{"start":{"line":55,"column":63},"end":{"line":60,"column":null}}},"7":{"name":"(anonymous_15)","decl":{"start":{"line":55,"column":63},"end":{"line":55,"column":null}},"loc":{"start":{"line":55,"column":63},"end":{"line":60,"column":5}}},"8":{"name":"(anonymous_16)","decl":{"start":{"line":62,"column":25},"end":{"line":62,"column":32}},"loc":{"start":{"line":62,"column":63},"end":{"line":82,"column":null}}},"9":{"name":"(anonymous_17)","decl":{"start":{"line":62,"column":63},"end":{"line":62,"column":null}},"loc":{"start":{"line":62,"column":63},"end":{"line":82,"column":5}}}},"branchMap":{"0":{"loc":{"start":{"line":10,"column":12},"end":{"line":15,"column":13}},"type":"if","locations":[{"start":{"line":10,"column":12},"end":{"line":15,"column":13}},{"start":{"line":13,"column":17},"end":{"line":15,"column":13}}]},"1":{"loc":{"start":{"line":40,"column":12},"end":{"line":43,"column":13}},"type":"if","locations":[{"start":{"line":40,"column":12},"end":{"line":43,"column":13}}]},"2":{"loc":{"start":{"line":40,"column":16},"end":{"line":40,"column":31}},"type":"binary-expr","locations":[{"start":{"line":40,"column":16},"end":{"line":40,"column":22}},{"start":{"line":40,"column":26},"end":{"line":40,"column":31}}]},"3":{"loc":{"start":{"line":65,"column":8},"end":{"line":81,"column":9}},"type":"if","locations":[{"start":{"line":65,"column":8},"end":{"line":81,"column":9}},{"start":{"line":78,"column":13},"end":{"line":81,"column":9}}]}},"s":{"0":4,"1":4,"2":4,"3":4,"4":1,"5":1,"6":1,"7":0,"8":1,"9":1,"10":0,"11":4,"12":1,"13":1,"14":1,"15":1,"16":0,"17":4,"18":1,"19":1,"20":1,"21":1,"22":1,"23":1,"24":1,"25":1,"26":1,"27":1,"28":1,"29":0,"30":0,"31":0,"32":0,"33":0,"34":0,"35":4,"36":5,"37":5,"38":5,"39":5,"40":5,"41":4,"42":0,"43":0,"44":0,"45":0,"46":0,"47":0,"48":0,"49":0,"50":0,"51":0,"52":0,"53":4},"f":{"0":1,"1":1,"2":1,"3":1,"4":1,"5":1,"6":5,"7":5,"8":0,"9":0},"b":{"0":[0,1],"1":[1],"2":[1,0],"3":[0,0]}}
,"/Users/ilaycohen/Desktop/MovieRate/controllers/user_controller.ts": {"path":"/Users/ilaycohen/Desktop/MovieRate/controllers/user_controller.ts","statementMap":{"0":{"start":{"line":3,"column":0},"end":{"line":3,"column":51}},"1":{"start":{"line":4,"column":0},"end":{"line":4,"column":45}},"2":{"start":{"line":6,"column":0},"end":{"line":6,"column":42}},"3":{"start":{"line":8,"column":0},"end":{"line":8,"column":46}},"4":{"start":{"line":9,"column":0},"end":{"line":9,"column":30}},"5":{"start":{"line":13,"column":19},"end":{"line":27,"column":2}},"6":{"start":{"line":13,"column":56},"end":{"line":27,"column":2}},"7":{"start":{"line":14,"column":4},"end":{"line":14,"column":31}},"8":{"start":{"line":15,"column":4},"end":{"line":26,"column":5}},"9":{"start":{"line":17,"column":8},"end":{"line":22,"column":9}},"10":{"start":{"line":18,"column":12},"end":{"line":18,"column":null}},"11":{"start":{"line":21,"column":12},"end":{"line":21,"column":38}},"12":{"start":{"line":23,"column":8},"end":{"line":23,"column":24}},"13":{"start":{"line":25,"column":8},"end":{"line":25,"column":null}},"14":{"start":{"line":31,"column":23},"end":{"line":52,"column":2}},"15":{"start":{"line":31,"column":60},"end":{"line":52,"column":2}},"16":{"start":{"line":32,"column":2},"end":{"line":51,"column":3}},"17":{"start":{"line":33,"column":20},"end":{"line":33,"column":29}},"18":{"start":{"line":35,"column":4},"end":{"line":38,"column":5}},"19":{"start":{"line":36,"column":6},"end":{"line":36,"column":57}},"20":{"start":{"line":37,"column":6},"end":{"line":37,"column":13}},"21":{"start":{"line":40,"column":17},"end":{"line":40,"column":55}},"22":{"start":{"line":42,"column":4},"end":{"line":47,"column":5}},"23":{"start":{"line":43,"column":6},"end":{"line":43,"column":45}},"24":{"start":{"line":44,"column":6},"end":{"line":44,"column":13}},"25":{"start":{"line":46,"column":6},"end":{"line":46,"column":33}},"26":{"start":{"line":50,"column":4},"end":{"line":50,"column":50}},"27":{"start":{"line":56,"column":20},"end":{"line":66,"column":2}},"28":{"start":{"line":56,"column":58},"end":{"line":66,"column":2}},"29":{"start":{"line":57,"column":2},"end":{"line":65,"column":3}},"30":{"start":{"line":58,"column":6},"end":{"line":58,"column":53}},"31":{"start":{"line":59,"column":19},"end":{"line":59,"column":53}},"32":{"start":{"line":60,"column":6},"end":{"line":60,"column":21}},"33":{"start":{"line":62,"column":6},"end":{"line":62,"column":67}},"34":{"start":{"line":63,"column":6},"end":{"line":63,"column":55}},"35":{"start":{"line":64,"column":6},"end":{"line":64,"column":18}},"36":{"start":{"line":68,"column":26},"end":{"line":84,"column":2}},"37":{"start":{"line":68,"column":64},"end":{"line":84,"column":2}},"38":{"start":{"line":69,"column":2},"end":{"line":83,"column":3}},"39":{"start":{"line":70,"column":19},"end":{"line":70,"column":32}},"40":{"start":{"line":71,"column":17},"end":{"line":71,"column":44}},"41":{"start":{"line":73,"column":4},"end":{"line":75,"column":5}},"42":{"start":{"line":74,"column":6},"end":{"line":74,"column":52}},"43":{"start":{"line":77,"column":27},"end":{"line":77,"column":67}},"44":{"start":{"line":79,"column":4},"end":{"line":79,"column":29}},"45":{"start":{"line":81,"column":4},"end":{"line":81,"column":72}},"46":{"start":{"line":82,"column":4},"end":{"line":82,"column":53}},"47":{"start":{"line":86,"column":17},"end":{"line":107,"column":2}},"48":{"start":{"line":86,"column":55},"end":{"line":107,"column":2}},"49":{"start":{"line":87,"column":4},"end":{"line":106,"column":6}},"50":{"start":{"line":88,"column":47},"end":{"line":88,"column":55}},"51":{"start":{"line":89,"column":8},"end":{"line":89,"column":71}},"52":{"start":{"line":91,"column":21},"end":{"line":91,"column":39}},"53":{"start":{"line":92,"column":8},"end":{"line":99,"column":9}},"54":{"start":{"line":93,"column":12},"end":{"line":93,"column":30}},"55":{"start":{"line":94,"column":12},"end":{"line":94,"column":27}},"56":{"start":{"line":96,"column":12},"end":{"line":96,"column":null}},"57":{"start":{"line":97,"column":12},"end":{"line":97,"column":31}},"58":{"start":{"line":98,"column":12},"end":{"line":98,"column":49}},"59":{"start":{"line":101,"column":8},"end":{"line":105,"column":9}},"60":{"start":{"line":102,"column":12},"end":{"line":102,"column":null}},"61":{"start":{"line":103,"column":32},"end":{"line":103,"column":56}},"62":{"start":{"line":104,"column":11},"end":{"line":104,"column":57}},"63":{"start":{"line":109,"column":29},"end":{"line":114,"column":1}},"64":{"start":{"line":110,"column":2},"end":{"line":112,"column":3}},"65":{"start":{"line":111,"column":6},"end":{"line":111,"column":75}},"66":{"start":{"line":111,"column":48},"end":{"line":111,"column":62}},"67":{"start":{"line":113,"column":2},"end":{"line":113,"column":23}},"68":{"start":{"line":116,"column":23},"end":{"line":160,"column":2}},"69":{"start":{"line":116,"column":61},"end":{"line":160,"column":2}},"70":{"start":{"line":117,"column":2},"end":{"line":159,"column":3}},"71":{"start":{"line":118,"column":21},"end":{"line":118,"column":34}},"72":{"start":{"line":119,"column":6},"end":{"line":119,"column":66}},"73":{"start":{"line":120,"column":45},"end":{"line":120,"column":53}},"74":{"start":{"line":122,"column":19},"end":{"line":122,"column":46}},"75":{"start":{"line":124,"column":6},"end":{"line":126,"column":7}},"76":{"start":{"line":125,"column":10},"end":{"line":125,"column":56}},"77":{"start":{"line":129,"column":31},"end":{"line":129,"column":61}},"78":{"start":{"line":131,"column":6},"end":{"line":136,"column":7}},"79":{"start":{"line":132,"column":10},"end":{"line":132,"column":82}},"80":{"start":{"line":134,"column":31},"end":{"line":134,"column":68}},"81":{"start":{"line":135,"column":10},"end":{"line":135,"column":63}},"82":{"start":{"line":139,"column":6},"end":{"line":139,"column":23}},"83":{"start":{"line":140,"column":6},"end":{"line":140,"column":25}},"84":{"start":{"line":141,"column":6},"end":{"line":141,"column":21}},"85":{"start":{"line":146,"column":10},"end":{"line":146,"column":43}},"86":{"start":{"line":147,"column":23},"end":{"line":147,"column":47}},"87":{"start":{"line":148,"column":36},"end":{"line":148,"column":69}},"88":{"start":{"line":149,"column":10},"end":{"line":149,"column":44}},"89":{"start":{"line":153,"column":6},"end":{"line":153,"column":24}},"90":{"start":{"line":155,"column":6},"end":{"line":155,"column":44}},"91":{"start":{"line":157,"column":27},"end":{"line":157,"column":54}},"92":{"start":{"line":158,"column":6},"end":{"line":158,"column":59}},"93":{"start":{"line":162,"column":23},"end":{"line":183,"column":2}},"94":{"start":{"line":162,"column":61},"end":{"line":183,"column":2}},"95":{"start":{"line":163,"column":4},"end":{"line":182,"column":5}},"96":{"start":{"line":164,"column":19},"end":{"line":164,"column":32}},"97":{"start":{"line":167,"column":21},"end":{"line":167,"column":44}},"98":{"start":{"line":169,"column":8},"end":{"line":171,"column":9}},"99":{"start":{"line":170,"column":12},"end":{"line":170,"column":58}},"100":{"start":{"line":174,"column":8},"end":{"line":174,"column":41}},"101":{"start":{"line":177,"column":8},"end":{"line":177,"column":46}},"102":{"start":{"line":178,"column":8},"end":{"line":178,"column":43}},"103":{"start":{"line":180,"column":8},"end":{"line":180,"column":57}},"104":{"start":{"line":181,"column":8},"end":{"line":181,"column":54}},"105":{"start":{"line":187,"column":23},"end":{"line":221,"column":4}},"106":{"start":{"line":187,"column":61},"end":{"line":221,"column":4}},"107":{"start":{"line":188,"column":4},"end":{"line":220,"column":5}},"108":{"start":{"line":189,"column":25},"end":{"line":189,"column":53}},"109":{"start":{"line":190,"column":27},"end":{"line":190,"column":65}},"110":{"start":{"line":192,"column":6},"end":{"line":194,"column":7}},"111":{"start":{"line":193,"column":8},"end":{"line":193,"column":74}},"112":{"start":{"line":196,"column":22},"end":{"line":196,"column":104}},"113":{"start":{"line":197,"column":6},"end":{"line":197,"column":53}},"114":{"start":{"line":198,"column":6},"end":{"line":200,"column":7}},"115":{"start":{"line":199,"column":8},"end":{"line":199,"column":74}},"116":{"start":{"line":201,"column":19},"end":{"line":201,"column":30}},"117":{"start":{"line":202,"column":6},"end":{"line":202,"column":26}},"118":{"start":{"line":203,"column":19},"end":{"line":210,"column":15}},"119":{"start":{"line":212,"column":6},"end":{"line":214,"column":7}},"120":{"start":{"line":213,"column":8},"end":{"line":213,"column":54}},"121":{"start":{"line":216,"column":6},"end":{"line":216,"column":37}},"122":{"start":{"line":218,"column":6},"end":{"line":218,"column":77}},"123":{"start":{"line":219,"column":6},"end":{"line":219,"column":54}},"124":{"start":{"line":225,"column":0},"end":{"line":235,"column":2}}},"fnMap":{"0":{"name":"(anonymous_8)","decl":{"start":{"line":13,"column":19},"end":{"line":13,"column":26}},"loc":{"start":{"line":13,"column":56},"end":{"line":27,"column":2}}},"1":{"name":"(anonymous_9)","decl":{"start":{"line":13,"column":56},"end":{"line":13,"column":null}},"loc":{"start":{"line":13,"column":56},"end":{"line":27,"column":1}}},"2":{"name":"(anonymous_10)","decl":{"start":{"line":31,"column":23},"end":{"line":31,"column":30}},"loc":{"start":{"line":31,"column":60},"end":{"line":52,"column":2}}},"3":{"name":"(anonymous_11)","decl":{"start":{"line":31,"column":60},"end":{"line":31,"column":null}},"loc":{"start":{"line":31,"column":60},"end":{"line":52,"column":1}}},"4":{"name":"(anonymous_12)","decl":{"start":{"line":56,"column":20},"end":{"line":56,"column":27}},"loc":{"start":{"line":56,"column":58},"end":{"line":66,"column":2}}},"5":{"name":"(anonymous_13)","decl":{"start":{"line":56,"column":58},"end":{"line":56,"column":null}},"loc":{"start":{"line":56,"column":58},"end":{"line":66,"column":1}}},"6":{"name":"(anonymous_14)","decl":{"start":{"line":68,"column":26},"end":{"line":68,"column":33}},"loc":{"start":{"line":68,"column":64},"end":{"line":84,"column":2}}},"7":{"name":"(anonymous_15)","decl":{"start":{"line":68,"column":64},"end":{"line":68,"column":null}},"loc":{"start":{"line":68,"column":64},"end":{"line":84,"column":1}}},"8":{"name":"(anonymous_16)","decl":{"start":{"line":86,"column":17},"end":{"line":86,"column":24}},"loc":{"start":{"line":86,"column":55},"end":{"line":107,"column":2}}},"9":{"name":"(anonymous_17)","decl":{"start":{"line":86,"column":55},"end":{"line":86,"column":null}},"loc":{"start":{"line":86,"column":55},"end":{"line":107,"column":1}}},"10":{"name":"(anonymous_18)","decl":{"start":{"line":109,"column":29},"end":{"line":109,"column":30}},"loc":{"start":{"line":109,"column":44},"end":{"line":114,"column":1}}},"11":{"name":"(anonymous_19)","decl":{"start":{"line":111,"column":31},"end":{"line":111,"column":32}},"loc":{"start":{"line":111,"column":48},"end":{"line":111,"column":62}}},"12":{"name":"(anonymous_20)","decl":{"start":{"line":116,"column":23},"end":{"line":116,"column":30}},"loc":{"start":{"line":116,"column":61},"end":{"line":160,"column":2}}},"13":{"name":"(anonymous_21)","decl":{"start":{"line":116,"column":61},"end":{"line":116,"column":null}},"loc":{"start":{"line":116,"column":61},"end":{"line":160,"column":1}}},"14":{"name":"(anonymous_22)","decl":{"start":{"line":162,"column":23},"end":{"line":162,"column":30}},"loc":{"start":{"line":162,"column":61},"end":{"line":183,"column":2}}},"15":{"name":"(anonymous_23)","decl":{"start":{"line":162,"column":61},"end":{"line":162,"column":null}},"loc":{"start":{"line":162,"column":61},"end":{"line":183,"column":1}}},"16":{"name":"(anonymous_24)","decl":{"start":{"line":187,"column":23},"end":{"line":187,"column":30}},"loc":{"start":{"line":187,"column":61},"end":{"line":221,"column":4}}},"17":{"name":"(anonymous_25)","decl":{"start":{"line":187,"column":61},"end":{"line":187,"column":null}},"loc":{"start":{"line":187,"column":61},"end":{"line":221,"column":3}}}},"branchMap":{"0":{"loc":{"start":{"line":17,"column":8},"end":{"line":22,"column":9}},"type":"if","locations":[{"start":{"line":17,"column":8},"end":{"line":22,"column":9}},{"start":{"line":20,"column":13},"end":{"line":22,"column":9}}]},"1":{"loc":{"start":{"line":35,"column":4},"end":{"line":38,"column":5}},"type":"if","locations":[{"start":{"line":35,"column":4},"end":{"line":38,"column":5}}]},"2":{"loc":{"start":{"line":42,"column":4},"end":{"line":47,"column":5}},"type":"if","locations":[{"start":{"line":42,"column":4},"end":{"line":47,"column":5}},{"start":{"line":45,"column":11},"end":{"line":47,"column":5}}]},"3":{"loc":{"start":{"line":73,"column":4},"end":{"line":75,"column":5}},"type":"if","locations":[{"start":{"line":73,"column":4},"end":{"line":75,"column":5}}]},"4":{"loc":{"start":{"line":101,"column":8},"end":{"line":105,"column":9}},"type":"if","locations":[{"start":{"line":101,"column":8},"end":{"line":105,"column":9}}]},"5":{"loc":{"start":{"line":110,"column":2},"end":{"line":112,"column":3}},"type":"if","locations":[{"start":{"line":110,"column":2},"end":{"line":112,"column":3}}]},"6":{"loc":{"start":{"line":124,"column":6},"end":{"line":126,"column":7}},"type":"if","locations":[{"start":{"line":124,"column":6},"end":{"line":126,"column":7}}]},"7":{"loc":{"start":{"line":169,"column":8},"end":{"line":171,"column":9}},"type":"if","locations":[{"start":{"line":169,"column":8},"end":{"line":171,"column":9}}]},"8":{"loc":{"start":{"line":190,"column":27},"end":{"line":190,"column":65}},"type":"binary-expr","locations":[{"start":{"line":190,"column":27},"end":{"line":190,"column":37}},{"start":{"line":190,"column":41},"end":{"line":190,"column":65}}]},"9":{"loc":{"start":{"line":192,"column":6},"end":{"line":194,"column":7}},"type":"if","locations":[{"start":{"line":192,"column":6},"end":{"line":194,"column":7}}]},"10":{"loc":{"start":{"line":198,"column":6},"end":{"line":200,"column":7}},"type":"if","locations":[{"start":{"line":198,"column":6},"end":{"line":200,"column":7}}]},"11":{"loc":{"start":{"line":212,"column":6},"end":{"line":214,"column":7}},"type":"if","locations":[{"start":{"line":212,"column":6},"end":{"line":214,"column":7}}]}},"s":{"0":4,"1":4,"2":4,"3":4,"4":4,"5":4,"6":1,"7":1,"8":1,"9":1,"10":0,"11":1,"12":1,"13":0,"14":4,"15":0,"16":0,"17":0,"18":0,"19":0,"20":0,"21":0,"22":0,"23":0,"24":0,"25":0,"26":0,"27":4,"28":1,"29":1,"30":1,"31":1,"32":1,"33":0,"34":0,"35":0,"36":4,"37":0,"38":0,"39":0,"40":0,"41":0,"42":0,"43":0,"44":0,"45":0,"46":0,"47":4,"48":1,"49":1,"50":1,"51":1,"52":1,"53":1,"54":1,"55":1,"56":0,"57":0,"58":0,"59":0,"60":0,"61":0,"62":0,"63":4,"64":4,"65":4,"66":7,"67":0,"68":4,"69":4,"70":4,"71":4,"72":4,"73":4,"74":4,"75":4,"76":0,"77":4,"78":4,"79":4,"80":4,"81":4,"82":0,"83":0,"84":0,"85":0,"86":0,"87":0,"88":0,"89":0,"90":0,"91":0,"92":0,"93":4,"94":1,"95":1,"96":1,"97":1,"98":1,"99":1,"100":0,"101":0,"102":0,"103":0,"104":0,"105":4,"106":0,"107":0,"108":0,"109":0,"110":0,"111":0,"112":0,"113":0,"114":0,"115":0,"116":0,"117":0,"118":0,"119":0,"120":0,"121":0,"122":0,"123":0,"124":4},"f":{"0":1,"1":1,"2":0,"3":0,"4":1,"5":1,"6":0,"7":0,"8":1,"9":1,"10":4,"11":7,"12":4,"13":4,"14":1,"15":1,"16":0,"17":0},"b":{"0":[0,1],"1":[0],"2":[0,0],"3":[0],"4":[0],"5":[4],"6":[0],"7":[1],"8":[0,0],"9":[0],"10":[0],"11":[0]}}
,"/Users/ilaycohen/Desktop/MovieRate/models/movie_model.ts": {"path":"/Users/ilaycohen/Desktop/MovieRate/models/movie_model.ts","statementMap":{"0":{"start":{"line":1,"column":0},"end":{"line":1,"column":32}},"1":{"start":{"line":15,"column":20},"end":{"line":57,"column":2}},"2":{"start":{"line":59,"column":0},"end":{"line":59,"column":63}}},"fnMap":{},"branchMap":{},"s":{"0":4,"1":4,"2":4},"f":{},"b":{}}
,"/Users/ilaycohen/Desktop/MovieRate/models/review_model.ts": {"path":"/Users/ilaycohen/Desktop/MovieRate/models/review_model.ts","statementMap":{"0":{"start":{"line":1,"column":0},"end":{"line":1,"column":32}},"1":{"start":{"line":12,"column":21},"end":{"line":44,"column":2}},"2":{"start":{"line":46,"column":0},"end":{"line":46,"column":66}}},"fnMap":{},"branchMap":{},"s":{"0":4,"1":4,"2":4},"f":{},"b":{}}
,"/Users/ilaycohen/Desktop/MovieRate/models/user_model.ts": {"path":"/Users/ilaycohen/Desktop/MovieRate/models/user_model.ts","statementMap":{"0":{"start":{"line":1,"column":0},"end":{"line":1,"column":32}},"1":{"start":{"line":2,"column":0},"end":{"line":2,"column":34}},"2":{"start":{"line":16,"column":19},"end":{"line":58,"column":2}},"3":{"start":{"line":63,"column":0},"end":{"line":63,"column":61}}},"fnMap":{},"branchMap":{},"s":{"0":4,"1":4,"2":4,"3":4},"f":{},"b":{}}
,"/Users/ilaycohen/Desktop/MovieRate/models/validation.ts": {"path":"/Users/ilaycohen/Desktop/MovieRate/models/validation.ts","statementMap":{"0":{"start":{"line":1,"column":0},"end":{"line":1,"column":28}},"1":{"start":{"line":3,"column":19},"end":{"line":8,"column":2}},"2":{"start":{"line":10,"column":0},"end":{"line":10,"column":26}}},"fnMap":{},"branchMap":{},"s":{"0":4,"1":4,"2":4},"f":{},"b":{}}
,"/Users/ilaycohen/Desktop/MovieRate/routes/auth_router.ts": {"path":"/Users/ilaycohen/Desktop/MovieRate/routes/auth_router.ts","statementMap":{"0":{"start":{"line":2,"column":0},"end":{"line":2,"column":50}},"1":{"start":{"line":3,"column":0},"end":{"line":3,"column":53}},"2":{"start":{"line":48,"column":15},"end":{"line":48,"column":31}},"3":{"start":{"line":74,"column":0},"end":{"line":76,"column":3}},"4":{"start":{"line":75,"column":4},"end":{"line":75,"column":28}},"5":{"start":{"line":121,"column":0},"end":{"line":123,"column":3}},"6":{"start":{"line":122,"column":4},"end":{"line":122,"column":25}},"7":{"start":{"line":142,"column":0},"end":{"line":144,"column":3}},"8":{"start":{"line":143,"column":4},"end":{"line":143,"column":26}},"9":{"start":{"line":162,"column":0},"end":{"line":164,"column":3}},"10":{"start":{"line":163,"column":4},"end":{"line":163,"column":38}},"11":{"start":{"line":166,"column":0},"end":{"line":166,"column":22}}},"fnMap":{"0":{"name":"(anonymous_1)","decl":{"start":{"line":74,"column":25},"end":{"line":74,"column":26}},"loc":{"start":{"line":74,"column":57},"end":{"line":76,"column":1}}},"1":{"name":"(anonymous_2)","decl":{"start":{"line":121,"column":22},"end":{"line":121,"column":23}},"loc":{"start":{"line":121,"column":54},"end":{"line":123,"column":1}}},"2":{"name":"(anonymous_3)","decl":{"start":{"line":142,"column":23},"end":{"line":142,"column":24}},"loc":{"start":{"line":142,"column":55},"end":{"line":144,"column":1}}},"3":{"name":"(anonymous_4)","decl":{"start":{"line":162,"column":29},"end":{"line":162,"column":30}},"loc":{"start":{"line":162,"column":81},"end":{"line":164,"column":1}}}},"branchMap":{},"s":{"0":4,"1":4,"2":4,"3":4,"4":0,"5":4,"6":0,"7":4,"8":0,"9":4,"10":0,"11":4},"f":{"0":0,"1":0,"2":0,"3":0},"b":{}}
,"/Users/ilaycohen/Desktop/MovieRate/routes/movie_routes.ts": {"path":"/Users/ilaycohen/Desktop/MovieRate/routes/movie_routes.ts","statementMap":{"0":{"start":{"line":1,"column":0},"end":{"line":1,"column":33}},"1":{"start":{"line":2,"column":0},"end":{"line":2,"column":62}},"2":{"start":{"line":72,"column":15},"end":{"line":72,"column":23}},"3":{"start":{"line":84,"column":0},"end":{"line":84,"column":58}},"4":{"start":{"line":103,"column":0},"end":{"line":103,"column":63}},"5":{"start":{"line":121,"column":0},"end":{"line":121,"column":53}},"6":{"start":{"line":140,"column":0},"end":{"line":140,"column":56}},"7":{"start":{"line":159,"column":0},"end":{"line":159,"column":72}},"8":{"start":{"line":161,"column":0},"end":{"line":161,"column":22}}},"fnMap":{},"branchMap":{},"s":{"0":4,"1":4,"2":4,"3":4,"4":4,"5":4,"6":4,"7":4,"8":4},"f":{},"b":{}}
,"/Users/ilaycohen/Desktop/MovieRate/routes/review_routes.ts": {"path":"/Users/ilaycohen/Desktop/MovieRate/routes/review_routes.ts","statementMap":{"0":{"start":{"line":56,"column":0},"end":{"line":56,"column":33}},"1":{"start":{"line":57,"column":0},"end":{"line":57,"column":64}},"2":{"start":{"line":59,"column":15},"end":{"line":59,"column":23}},"3":{"start":{"line":71,"column":0},"end":{"line":71,"column":58}},"4":{"start":{"line":90,"column":0},"end":{"line":90,"column":66}},"5":{"start":{"line":108,"column":0},"end":{"line":108,"column":55}},"6":{"start":{"line":126,"column":0},"end":{"line":126,"column":59}},"7":{"start":{"line":144,"column":0},"end":{"line":144,"column":67}},"8":{"start":{"line":146,"column":0},"end":{"line":146,"column":22}}},"fnMap":{},"branchMap":{},"s":{"0":4,"1":4,"2":4,"3":4,"4":4,"5":4,"6":4,"7":4,"8":4},"f":{},"b":{}}
,"/Users/ilaycohen/Desktop/MovieRate/routes/user_routes.ts": {"path":"/Users/ilaycohen/Desktop/MovieRate/routes/user_routes.ts","statementMap":{"0":{"start":{"line":55,"column":0},"end":{"line":55,"column":52}},"1":{"start":{"line":56,"column":0},"end":{"line":56,"column":60}},"2":{"start":{"line":58,"column":15},"end":{"line":58,"column":23}},"3":{"start":{"line":77,"column":0},"end":{"line":79,"column":3}},"4":{"start":{"line":78,"column":4},"end":{"line":78,"column":44}},"5":{"start":{"line":91,"column":0},"end":{"line":93,"column":3}},"6":{"start":{"line":92,"column":4},"end":{"line":92,"column":41}},"7":{"start":{"line":112,"column":0},"end":{"line":114,"column":3}},"8":{"start":{"line":113,"column":4},"end":{"line":113,"column":41}},"9":{"start":{"line":116,"column":0},"end":{"line":118,"column":3}},"10":{"start":{"line":117,"column":4},"end":{"line":117,"column":47}},"11":{"start":{"line":120,"column":0},"end":{"line":122,"column":3}},"12":{"start":{"line":121,"column":4},"end":{"line":121,"column":47}},"13":{"start":{"line":140,"column":0},"end":{"line":142,"column":3}},"14":{"start":{"line":141,"column":4},"end":{"line":141,"column":38}},"15":{"start":{"line":167,"column":0},"end":{"line":169,"column":3}},"16":{"start":{"line":168,"column":4},"end":{"line":168,"column":44}},"17":{"start":{"line":188,"column":0},"end":{"line":190,"column":3}},"18":{"start":{"line":189,"column":4},"end":{"line":189,"column":44}},"19":{"start":{"line":192,"column":0},"end":{"line":192,"column":22}}},"fnMap":{"0":{"name":"(anonymous_1)","decl":{"start":{"line":77,"column":21},"end":{"line":77,"column":22}},"loc":{"start":{"line":77,"column":53},"end":{"line":79,"column":1}}},"1":{"name":"(anonymous_2)","decl":{"start":{"line":91,"column":16},"end":{"line":91,"column":17}},"loc":{"start":{"line":91,"column":48},"end":{"line":93,"column":1}}},"2":{"name":"(anonymous_3)","decl":{"start":{"line":112,"column":19},"end":{"line":112,"column":20}},"loc":{"start":{"line":112,"column":51},"end":{"line":114,"column":1}}},"3":{"name":"(anonymous_4)","decl":{"start":{"line":116,"column":37},"end":{"line":116,"column":38}},"loc":{"start":{"line":116,"column":69},"end":{"line":118,"column":1}}},"4":{"name":"(anonymous_5)","decl":{"start":{"line":120,"column":37},"end":{"line":120,"column":38}},"loc":{"start":{"line":120,"column":69},"end":{"line":122,"column":1}}},"5":{"name":"(anonymous_6)","decl":{"start":{"line":140,"column":17},"end":{"line":140,"column":18}},"loc":{"start":{"line":140,"column":49},"end":{"line":142,"column":1}}},"6":{"name":"(anonymous_7)","decl":{"start":{"line":167,"column":19},"end":{"line":167,"column":20}},"loc":{"start":{"line":167,"column":51},"end":{"line":169,"column":1}}},"7":{"name":"(anonymous_8)","decl":{"start":{"line":188,"column":22},"end":{"line":188,"column":23}},"loc":{"start":{"line":188,"column":54},"end":{"line":190,"column":1}}}},"branchMap":{},"s":{"0":4,"1":4,"2":4,"3":4,"4":0,"5":4,"6":1,"7":4,"8":1,"9":4,"10":0,"11":4,"12":0,"13":4,"14":1,"15":4,"16":4,"17":4,"18":1,"19":4},"f":{"0":0,"1":1,"2":1,"3":0,"4":0,"5":1,"6":4,"7":1},"b":{}}
}
