TN:
SF:app.ts
FN:16,(anonymous_8)
FN:17,(anonymous_9)
FN:17,(anonymous_10)
FN:19,(anonymous_11)
FN:21,(anonymous_12)
FNF:5
FNH:4
FNDA:5,(anonymous_8)
FNDA:5,(anonymous_9)
FNDA:5,(anonymous_10)
FNDA:5,(anonymous_11)
FNDA:0,(anonymous_12)
DA:1,5
DA:2,5
DA:3,5
DA:4,5
DA:5,5
DA:7,5
DA:9,5
DA:10,5
DA:11,5
DA:12,5
DA:13,5
DA:16,5
DA:17,5
DA:18,5
DA:19,5
DA:20,5
DA:21,5
DA:24,5
DA:26,5
DA:27,5
DA:28,5
DA:30,5
DA:31,5
DA:32,5
DA:33,5
DA:34,5
DA:35,5
DA:38,5
DA:39,5
DA:40,5
DA:41,5
DA:42,5
DA:43,5
DA:46,5
DA:49,5
DA:52,5
LF:36
LH:36
BRF:0
BRH:0
end_of_record
TN:
SF:controllers/auth_controller.ts
FN:13,(anonymous_8)
FN:13,(anonymous_9)
FN:26,(anonymous_10)
FN:26,(anonymous_11)
FN:59,(anonymous_12)
FN:59,(anonymous_13)
FN:101,(anonymous_14)
FN:101,(anonymous_15)
FN:142,(anonymous_16)
FN:150,(anonymous_17)
FN:150,(anonymous_18)
FN:189,(anonymous_19)
FN:189,(anonymous_20)
FNF:13
FNH:9
FNDA:0,(anonymous_8)
FNDA:0,(anonymous_9)
FNDA:0,(anonymous_10)
FNDA:0,(anonymous_11)
FNDA:3,(anonymous_12)
FNDA:3,(anonymous_13)
FNDA:6,(anonymous_14)
FNDA:6,(anonymous_15)
FNDA:2,(anonymous_16)
FNDA:2,(anonymous_17)
FNDA:2,(anonymous_18)
FNDA:2,(anonymous_19)
FNDA:2,(anonymous_20)
DA:2,5
DA:3,5
DA:4,5
DA:5,5
DA:7,5
DA:11,5
DA:13,5
DA:14,0
DA:15,0
DA:17,0
DA:18,0
DA:20,0
DA:21,0
DA:26,5
DA:27,0
DA:28,0
DA:33,0
DA:34,0
DA:35,0
DA:37,0
DA:38,0
DA:39,0
DA:49,0
DA:50,0
DA:54,0
DA:59,5
DA:60,3
DA:61,3
DA:63,3
DA:64,0
DA:67,3
DA:68,3
DA:69,3
DA:74,3
DA:75,1
DA:78,2
DA:80,2
DA:81,1
DA:84,1
DA:85,1
DA:87,1
DA:88,1
DA:90,1
DA:92,1
DA:94,0
DA:95,0
DA:96,0
DA:97,0
DA:101,6
DA:102,6
DA:103,6
DA:104,6
DA:105,6
DA:106,6
DA:107,6
DA:108,0
DA:111,6
DA:112,6
DA:115,2
DA:116,0
DA:119,2
DA:121,2
DA:122,2
DA:125,0
DA:126,0
DA:128,0
DA:129,0
DA:132,4
DA:133,4
DA:134,4
DA:136,0
DA:142,5
DA:150,5
DA:151,2
DA:152,2
DA:153,2
DA:154,1
DA:156,1
DA:157,1
DA:158,0
DA:161,1
DA:162,1
DA:163,1
DA:164,1
DA:166,1
DA:167,0
DA:170,1
DA:171,1
DA:172,1
DA:173,1
DA:176,0
DA:177,0
DA:178,0
DA:180,0
DA:189,5
DA:190,2
DA:191,2
DA:193,2
DA:194,1
DA:197,1
DA:198,1
DA:200,1
DA:201,0
DA:204,1
DA:206,1
DA:211,1
DA:212,1
DA:215,0
DA:216,0
DA:218,0
DA:219,0
DA:221,0
DA:223,0
DA:227,5
LF:114
LH:72
BRDA:17,0,0,0
BRDA:17,0,1,0
BRDA:34,1,0,0
BRDA:34,1,1,0
BRDA:34,2,0,0
BRDA:34,2,1,0
BRDA:35,3,0,0
BRDA:38,4,0,0
BRDA:40,5,0,0
BRDA:40,5,1,0
BRDA:40,6,0,0
BRDA:40,6,1,0
BRDA:43,7,0,0
BRDA:43,7,1,0
BRDA:43,8,0,0
BRDA:43,8,1,0
BRDA:63,9,0,0
BRDA:63,10,0,3
BRDA:63,10,1,3
BRDA:74,11,0,1
BRDA:80,12,0,1
BRDA:87,13,0,0
BRDA:87,13,1,1
BRDA:94,14,0,0
BRDA:94,14,1,0
BRDA:107,15,0,0
BRDA:107,16,0,6
BRDA:107,16,1,6
BRDA:107,16,2,6
BRDA:107,16,3,6
BRDA:115,17,0,0
BRDA:121,18,0,2
BRDA:132,19,0,4
BRDA:132,19,1,0
BRDA:152,20,0,2
BRDA:152,20,1,1
BRDA:153,21,0,1
BRDA:157,22,0,0
BRDA:166,23,0,0
BRDA:170,24,0,1
BRDA:191,25,0,2
BRDA:191,25,1,1
BRDA:193,26,0,1
BRDA:200,27,0,0
BRDA:211,28,0,1
BRDA:211,29,0,1
BRDA:211,29,1,1
BRF:47
BRH:21
end_of_record
TN:
SF:controllers/movie_controller.ts
FN:7,(anonymous_8)
FN:7,(anonymous_9)
FN:22,(anonymous_10)
FN:22,(anonymous_11)
FN:48,(anonymous_12)
FN:48,(anonymous_13)
FN:62,(anonymous_14)
FN:62,(anonymous_15)
FN:73,(anonymous_16)
FN:73,(anonymous_17)
FNF:10
FNH:10
FNDA:1,(anonymous_8)
FNDA:1,(anonymous_9)
FNDA:1,(anonymous_10)
FNDA:1,(anonymous_11)
FNDA:2,(anonymous_12)
FNDA:2,(anonymous_13)
FNDA:1,(anonymous_14)
FNDA:1,(anonymous_15)
FNDA:8,(anonymous_16)
FNDA:8,(anonymous_17)
DA:2,5
DA:7,5
DA:8,1
DA:9,1
DA:11,1
DA:12,0
DA:15,1
DA:17,1
DA:19,0
DA:22,5
DA:23,1
DA:24,1
DA:25,1
DA:42,1
DA:44,0
DA:48,5
DA:49,2
DA:50,2
DA:51,2
DA:52,1
DA:53,1
DA:55,1
DA:56,1
DA:62,5
DA:63,1
DA:64,1
DA:65,1
DA:66,1
DA:68,0
DA:70,0
DA:73,8
DA:74,8
DA:75,8
DA:76,8
DA:77,8
DA:79,0
DA:82,5
LF:37
LH:31
BRDA:11,0,0,0
BRDA:11,0,1,1
BRDA:65,1,0,1
BRF:3
BRH:2
end_of_record
TN:
SF:controllers/review_controller.ts
FN:7,(anonymous_8)
FN:7,(anonymous_9)
FN:22,(anonymous_10)
FN:22,(anonymous_11)
FN:32,(anonymous_12)
FN:32,(anonymous_13)
FN:55,(anonymous_14)
FN:55,(anonymous_15)
FN:62,(anonymous_16)
FN:62,(anonymous_17)
FNF:10
FNH:10
FNDA:1,(anonymous_8)
FNDA:1,(anonymous_9)
FNDA:1,(anonymous_10)
FNDA:1,(anonymous_11)
FNDA:2,(anonymous_12)
FNDA:2,(anonymous_13)
FNDA:5,(anonymous_14)
FNDA:5,(anonymous_15)
FNDA:1,(anonymous_16)
FNDA:1,(anonymous_17)
DA:1,5
DA:2,5
DA:3,5
DA:7,5
DA:8,1
DA:10,1
DA:11,0
DA:14,1
DA:16,1
DA:18,0
DA:22,5
DA:23,1
DA:24,1
DA:25,1
DA:27,0
DA:32,5
DA:33,2
DA:34,2
DA:35,2
DA:36,2
DA:37,2
DA:38,2
DA:39,2
DA:40,2
DA:41,2
DA:42,2
DA:44,0
DA:45,0
DA:47,0
DA:48,0
DA:49,0
DA:51,0
DA:55,5
DA:56,5
DA:57,5
DA:58,5
DA:59,5
DA:62,5
DA:63,1
DA:64,1
DA:65,1
DA:66,0
DA:70,0
DA:74,0
DA:75,0
DA:76,0
DA:79,1
DA:80,1
DA:84,5
LF:49
LH:35
BRDA:10,0,0,0
BRDA:10,0,1,1
BRDA:40,1,0,2
BRDA:40,2,0,2
BRDA:40,2,1,0
BRDA:65,3,0,0
BRDA:65,3,1,1
BRF:7
BRH:4
end_of_record
TN:
SF:controllers/user_controller.ts
FN:13,(anonymous_8)
FN:13,(anonymous_9)
FN:31,(anonymous_10)
FN:31,(anonymous_11)
FN:56,(anonymous_12)
FN:56,(anonymous_13)
FN:68,(anonymous_14)
FN:68,(anonymous_15)
FN:86,(anonymous_16)
FN:86,(anonymous_17)
FN:109,(anonymous_18)
FN:111,(anonymous_19)
FN:116,(anonymous_20)
FN:116,(anonymous_21)
FN:162,(anonymous_22)
FN:162,(anonymous_23)
FN:187,(anonymous_24)
FN:187,(anonymous_25)
FNF:18
FNH:10
FNDA:1,(anonymous_8)
FNDA:1,(anonymous_9)
FNDA:0,(anonymous_10)
FNDA:0,(anonymous_11)
FNDA:1,(anonymous_12)
FNDA:1,(anonymous_13)
FNDA:0,(anonymous_14)
FNDA:0,(anonymous_15)
FNDA:1,(anonymous_16)
FNDA:1,(anonymous_17)
FNDA:4,(anonymous_18)
FNDA:7,(anonymous_19)
FNDA:4,(anonymous_20)
FNDA:4,(anonymous_21)
FNDA:0,(anonymous_22)
FNDA:0,(anonymous_23)
FNDA:0,(anonymous_24)
FNDA:0,(anonymous_25)
DA:3,5
DA:4,5
DA:6,5
DA:8,5
DA:9,5
DA:13,5
DA:14,1
DA:15,1
DA:17,1
DA:18,0
DA:21,1
DA:23,1
DA:25,0
DA:31,5
DA:32,0
DA:33,0
DA:35,0
DA:36,0
DA:37,0
DA:40,0
DA:42,0
DA:43,0
DA:44,0
DA:46,0
DA:50,0
DA:56,5
DA:57,1
DA:58,1
DA:59,1
DA:60,1
DA:62,0
DA:63,0
DA:64,0
DA:68,5
DA:69,0
DA:70,0
DA:71,0
DA:73,0
DA:74,0
DA:77,0
DA:79,0
DA:81,0
DA:82,0
DA:86,5
DA:87,1
DA:88,1
DA:89,1
DA:91,1
DA:92,1
DA:93,1
DA:94,1
DA:96,0
DA:97,0
DA:98,0
DA:101,0
DA:102,0
DA:103,0
DA:104,0
DA:109,5
DA:110,4
DA:111,7
DA:113,0
DA:116,5
DA:117,4
DA:118,4
DA:119,4
DA:120,4
DA:122,4
DA:124,4
DA:125,0
DA:129,4
DA:131,4
DA:132,4
DA:134,4
DA:135,4
DA:139,0
DA:140,0
DA:141,0
DA:146,0
DA:147,0
DA:148,0
DA:149,0
DA:153,0
DA:155,0
DA:157,0
DA:158,0
DA:162,5
DA:163,0
DA:164,0
DA:167,0
DA:169,0
DA:170,0
DA:174,0
DA:177,0
DA:178,0
DA:180,0
DA:181,0
DA:187,5
DA:188,0
DA:189,0
DA:190,0
DA:192,0
DA:193,0
DA:196,0
DA:197,0
DA:198,0
DA:199,0
DA:201,0
DA:202,0
DA:203,0
DA:212,0
DA:213,0
DA:216,0
DA:218,0
DA:219,0
DA:225,5
LF:116
LH:44
BRDA:17,0,0,0
BRDA:17,0,1,1
BRDA:35,1,0,0
BRDA:42,2,0,0
BRDA:42,2,1,0
BRDA:73,3,0,0
BRDA:101,4,0,0
BRDA:110,5,0,4
BRDA:124,6,0,0
BRDA:169,7,0,0
BRDA:190,8,0,0
BRDA:190,8,1,0
BRDA:192,9,0,0
BRDA:198,10,0,0
BRDA:212,11,0,0
BRF:15
BRH:2
end_of_record
TN:
SF:models/movie_model.ts
FNF:0
FNH:0
DA:1,5
DA:15,5
DA:59,5
LF:3
LH:3
BRF:0
BRH:0
end_of_record
TN:
SF:models/review_model.ts
FNF:0
FNH:0
DA:1,5
DA:12,5
DA:46,5
LF:3
LH:3
BRF:0
BRH:0
end_of_record
TN:
SF:models/user_model.ts
FNF:0
FNH:0
DA:1,5
DA:2,5
DA:16,5
DA:63,5
LF:4
LH:4
BRF:0
BRH:0
end_of_record
TN:
SF:models/validation.ts
FNF:0
FNH:0
DA:1,5
DA:3,5
DA:10,5
LF:3
LH:3
BRF:0
BRH:0
end_of_record
TN:
SF:routes/auth_router.ts
FN:74,(anonymous_1)
FN:121,(anonymous_2)
FN:125,(anonymous_3)
FN:145,(anonymous_4)
FN:165,(anonymous_5)
FNF:5
FNH:4
FNDA:6,(anonymous_1)
FNDA:3,(anonymous_2)
FNDA:0,(anonymous_3)
FNDA:2,(anonymous_4)
FNDA:2,(anonymous_5)
DA:2,5
DA:3,5
DA:48,5
DA:74,5
DA:75,6
DA:121,5
DA:122,3
DA:125,5
DA:126,0
DA:145,5
DA:146,2
DA:165,5
DA:166,2
DA:169,5
LF:14
LH:13
BRF:0
BRH:0
end_of_record
TN:
SF:routes/file_router.ts
FN:8,(anonymous_1)
FN:11,(anonymous_2)
FN:21,(anonymous_3)
FNF:3
FNH:3
FNDA:1,(anonymous_1)
FNDA:1,(anonymous_2)
FNDA:1,(anonymous_3)
DA:1,5
DA:2,5
DA:3,5
DA:5,5
DA:7,5
DA:9,1
DA:12,1
DA:16,1
DA:19,5
DA:21,5
DA:23,1
DA:24,1
DA:25,1
DA:28,0
DA:32,5
LF:15
LH:14
BRDA:23,0,0,1
BRDA:23,0,1,0
BRF:2
BRH:1
end_of_record
TN:
SF:routes/movie_routes.ts
FNF:0
FNH:0
DA:1,5
DA:2,5
DA:72,5
DA:84,5
DA:103,5
DA:121,5
DA:140,5
DA:159,5
DA:161,5
LF:9
LH:9
BRF:0
BRH:0
end_of_record
TN:
SF:routes/review_routes.ts
FNF:0
FNH:0
DA:56,5
DA:57,5
DA:59,5
DA:71,5
DA:90,5
DA:108,5
DA:126,5
DA:144,5
DA:146,5
LF:9
LH:9
BRF:0
BRH:0
end_of_record
TN:
SF:routes/user_routes.ts
FN:77,(anonymous_1)
FN:91,(anonymous_2)
FN:112,(anonymous_3)
FN:116,(anonymous_4)
FN:120,(anonymous_5)
FN:140,(anonymous_6)
FN:167,(anonymous_7)
FN:188,(anonymous_8)
FNF:8
FNH:4
FNDA:0,(anonymous_1)
FNDA:1,(anonymous_2)
FNDA:1,(anonymous_3)
FNDA:0,(anonymous_4)
FNDA:0,(anonymous_5)
FNDA:1,(anonymous_6)
FNDA:4,(anonymous_7)
FNDA:0,(anonymous_8)
DA:55,5
DA:56,5
DA:58,5
DA:77,5
DA:78,0
DA:91,5
DA:92,1
DA:112,5
DA:113,1
DA:116,5
DA:117,0
DA:120,5
DA:121,0
DA:140,5
DA:141,1
DA:167,5
DA:168,4
DA:188,5
DA:189,0
DA:192,5
LF:20
LH:16
BRF:0
BRH:0
end_of_record
